<?xml version="1.0" encoding="UTF-8"?>
<testsuite xmlns:xsi="http://www.w3.org/2001/XMLSchema-instance" xsi:noNamespaceSchemaLocation="https://maven.apache.org/surefire/maven-surefire-plugin/xsd/surefire-test-report.xsd" name="com.zjy.mmy.controller.UserControllerTest" time="0.318" tests="3" errors="0" skipped="0" failures="0">
  <properties>
[...]
</properties>
  <testcase name="addTest" classname="com.zjy.mmy.controller.UserControllerTest" time="0.172"/>
  <testcase name="updateTest" classname="com.zjy.mmy.controller.UserControllerTest" time="0.096"/>
  <testcase name="getTest" classname="com.zjy.mmy.controller.UserControllerTest" time="0.048"/>
</testsuite>