<?xml version="1.0" encoding="UTF-8"?>
<testsuite xmlns:xsi="http://www.w3.org/2001/XMLSchema-instance" xsi:noNamespaceSchemaLocation="https://maven.apache.org/surefire/maven-surefire-plugin/xsd/surefire-test-report.xsd" name="com.zjy.mmy.controller.OrderControllerTest" time="0.637" tests="4" errors="4" skipped="0" failures="0">
  <properties>
[...]
</properties>
  <testcase name="addTest" classname="com.zjy.mmy.controller.OrderControllerTest" time="0.203">
    <error message="Request processing failed; nested exception is java.lang.RuntimeException: good doesn&apos;t exist" type="org.springframework.web.util.NestedServletException">org.springframework.web.util.NestedServletException: Request processing failed; nested exception is java.lang.RuntimeException: good doesn't exist
	at com.zjy.mmy.controller.OrderControllerTest.addTest(OrderControllerTest.java:55)
Caused by: java.lang.RuntimeException: good doesn't exist
	at com.zjy.mmy.controller.OrderControllerTest.addTest(OrderControllerTest.java:55)
</error>
    <system-out><![CDATA[2019-07-10 21:35:22,397 [org.springframework.test.context.support.AbstractTestContextBootstrapper.getDefaultTestExecutionListenerClassNames(AbstractTestContextBootstrapper.java:248)]-[INFO] Loaded default TestExecutionListener class names from location [META-INF/spring.factories]: [org.springframework.test.context.web.ServletTestExecutionListener, org.springframework.test.context.support.DirtiesContextBeforeModesTestExecutionListener, org.springframework.test.context.support.DependencyInjectionTestExecutionListener, org.springframework.test.context.support.DirtiesContextTestExecutionListener, org.springframework.test.context.transaction.TransactionalTestExecutionListener, org.springframework.test.context.jdbc.SqlScriptsTestExecutionListener]
2019-07-10 21:35:22,400 [org.springframework.test.context.support.AbstractTestContextBootstrapper.getTestExecutionListeners(AbstractTestContextBootstrapper.java:177)]-[INFO] Using TestExecutionListeners: [org.springframework.test.context.web.ServletTestExecutionListener@5aae8eb5, org.springframework.test.context.support.DirtiesContextBeforeModesTestExecutionListener@76954a33, org.springframework.test.context.support.DependencyInjectionTestExecutionListener@24a298a6, org.springframework.test.context.support.DirtiesContextTestExecutionListener@982bb90, org.springframework.test.context.transaction.TransactionalTestExecutionListener@27f74733, org.springframework.test.context.jdbc.SqlScriptsTestExecutionListener@7bef452c]
2019-07-10 21:35:22,423 [org.springframework.test.context.transaction.TransactionContext.startTransaction(TransactionContext.java:107)]-[INFO] Began transaction (1) for test context [DefaultTestContext@57fae983 testClass = OrderControllerTest, testInstance = com.zjy.mmy.controller.OrderControllerTest@4a29f290, testMethod = addTest@OrderControllerTest, testException = [null], mergedContextConfiguration = [WebMergedContextConfiguration@4bee18dc testClass = OrderControllerTest, locations = '{classpath*:spring/*.xml}', classes = '{}', contextInitializerClasses = '[]', activeProfiles = '{}', propertySourceLocations = '{}', propertySourceProperties = '{}', contextCustomizers = set[[empty]], resourceBasePath = 'src/main/webapp', contextLoader = 'org.springframework.test.context.web.WebDelegatingSmartContextLoader', parent = [null]], attributes = map['org.springframework.test.context.web.ServletTestExecutionListener.populatedRequestContextHolder' -> true, 'org.springframework.test.context.web.ServletTestExecutionListener.resetRequestContextHolder' -> true]]; transaction manager [org.springframework.jdbc.datasource.DataSourceTransactionManager@3f3ddbd9]; rollback [true]
2019-07-10 21:35:22,424 [org.springframework.mock.web.MockServletContext.log(MockServletContext.java:444)]-[INFO] Initializing Spring TestDispatcherServlet ''
2019-07-10 21:35:22,424 [org.springframework.web.servlet.FrameworkServlet.initServletBean(FrameworkServlet.java:524)]-[INFO] Initializing Servlet ''
2019-07-10 21:35:22,426 [org.springframework.web.servlet.FrameworkServlet.initServletBean(FrameworkServlet.java:546)]-[INFO] Completed initialization in 1 ms
Creating a new SqlSession
Registering transaction synchronization for SqlSession [org.apache.ibatis.session.defaults.DefaultSqlSession@2787de58]
JDBC Connection [com.alibaba.druid.proxy.jdbc.ConnectionProxyImpl@3e134896] will be managed by Spring
==>  Preparing: select * from good where good_id=? 
==> Parameters: 15(Integer)
<==      Total: 0
Releasing transactional SqlSession [org.apache.ibatis.session.defaults.DefaultSqlSession@2787de58]
2019-07-10 21:35:22,546 [com.zjy.mmy.service.impl.OrderServiceImpl.add(OrderServiceImpl.java:35)]-[WARN] good doesn't exist
Transaction synchronization deregistering SqlSession [org.apache.ibatis.session.defaults.DefaultSqlSession@2787de58]
Transaction synchronization closing SqlSession [org.apache.ibatis.session.defaults.DefaultSqlSession@2787de58]
2019-07-10 21:35:22,577 [org.springframework.test.context.transaction.TransactionContext.endTransaction(TransactionContext.java:139)]-[INFO] Rolled back transaction for test: [DefaultTestContext@57fae983 testClass = OrderControllerTest, testInstance = com.zjy.mmy.controller.OrderControllerTest@4a29f290, testMethod = addTest@OrderControllerTest, testException = org.springframework.web.util.NestedServletException: Request processing failed; nested exception is java.lang.RuntimeException: good doesn't exist, mergedContextConfiguration = [WebMergedContextConfiguration@4bee18dc testClass = OrderControllerTest, locations = '{classpath*:spring/*.xml}', classes = '{}', contextInitializerClasses = '[]', activeProfiles = '{}', propertySourceLocations = '{}', propertySourceProperties = '{}', contextCustomizers = set[[empty]], resourceBasePath = 'src/main/webapp', contextLoader = 'org.springframework.test.context.web.WebDelegatingSmartContextLoader', parent = [null]], attributes = map['org.springframework.test.context.web.ServletTestExecutionListener.populatedRequestContextHolder' -> true, 'org.springframework.test.context.web.ServletTestExecutionListener.resetRequestContextHolder' -> true]]
]]></system-out>
  </testcase>
  <testcase name="getByIDTest" classname="com.zjy.mmy.controller.OrderControllerTest" time="0.27">
    <error message="Request processing failed; nested exception is org.springframework.dao.TransientDataAccessResourceException: Error attempting to get column &apos;finished_date&apos; from result set.  Cause: java.sql.SQLException: Zero date value prohibited&#10;; Zero date value prohibited; nested exception is java.sql.SQLException: Zero date value prohibited" type="org.springframework.web.util.NestedServletException">org.springframework.web.util.NestedServletException: 
Request processing failed; nested exception is org.springframework.dao.TransientDataAccessResourceException: Error attempting to get column 'finished_date' from result set.  Cause: java.sql.SQLException: Zero date value prohibited
; Zero date value prohibited; nested exception is java.sql.SQLException: Zero date value prohibited
	at com.zjy.mmy.controller.OrderControllerTest.getByIDTest(OrderControllerTest.java:95)
Caused by: org.springframework.dao.TransientDataAccessResourceException: 
Error attempting to get column 'finished_date' from result set.  Cause: java.sql.SQLException: Zero date value prohibited
; Zero date value prohibited; nested exception is java.sql.SQLException: Zero date value prohibited
	at com.zjy.mmy.controller.OrderControllerTest.getByIDTest(OrderControllerTest.java:95)
Caused by: java.sql.SQLException: Zero date value prohibited
	at com.zjy.mmy.controller.OrderControllerTest.getByIDTest(OrderControllerTest.java:95)
Caused by: com.mysql.cj.exceptions.DataReadException: Zero date value prohibited
	at com.zjy.mmy.controller.OrderControllerTest.getByIDTest(OrderControllerTest.java:95)
</error>
    <system-out><![CDATA[2019-07-10 21:35:22,670 [org.springframework.mock.web.MockServletContext.log(MockServletContext.java:444)]-[INFO] Initializing Spring TestDispatcherServlet ''
2019-07-10 21:35:22,671 [org.springframework.web.servlet.FrameworkServlet.initServletBean(FrameworkServlet.java:524)]-[INFO] Initializing Servlet ''
2019-07-10 21:35:22,673 [org.springframework.web.servlet.FrameworkServlet.initServletBean(FrameworkServlet.java:546)]-[INFO] Completed initialization in 2 ms
Creating a new SqlSession
SqlSession [org.apache.ibatis.session.defaults.DefaultSqlSession@4c98a6d5] was not registered for synchronization because synchronization is not active
JDBC Connection [com.alibaba.druid.proxy.jdbc.ConnectionProxyImpl@3e134896] will not be managed by Spring
==>  Preparing: select * from `order` where order_id=? 
==> Parameters: 2(Integer)
<==    Columns: order_id, user_id, good_id, order_state, created_date, trade, addr, finished_date
<==        Row: 2, 16, 179, ACCEPTED, 2019-05-16 09:26:15, 自提, 晋邦省辽河市诀快诗路1322号楔酱小区19单元1051室, 0000-00-00 00:00:00
Closing non transactional SqlSession [org.apache.ibatis.session.defaults.DefaultSqlSession@4c98a6d5]
]]></system-out>
  </testcase>
  <testcase name="updateTest" classname="com.zjy.mmy.controller.OrderControllerTest" time="0.118">
    <error message="Request processing failed; nested exception is org.springframework.dao.TransientDataAccessResourceException: Error attempting to get column &apos;finished_date&apos; from result set.  Cause: java.sql.SQLException: Zero date value prohibited&#10;; Zero date value prohibited; nested exception is java.sql.SQLException: Zero date value prohibited" type="org.springframework.web.util.NestedServletException">org.springframework.web.util.NestedServletException: 
Request processing failed; nested exception is org.springframework.dao.TransientDataAccessResourceException: Error attempting to get column 'finished_date' from result set.  Cause: java.sql.SQLException: Zero date value prohibited
; Zero date value prohibited; nested exception is java.sql.SQLException: Zero date value prohibited
	at com.zjy.mmy.controller.OrderControllerTest.updateTest(OrderControllerTest.java:79)
Caused by: org.springframework.dao.TransientDataAccessResourceException: 
Error attempting to get column 'finished_date' from result set.  Cause: java.sql.SQLException: Zero date value prohibited
; Zero date value prohibited; nested exception is java.sql.SQLException: Zero date value prohibited
	at com.zjy.mmy.controller.OrderControllerTest.updateTest(OrderControllerTest.java:79)
Caused by: java.sql.SQLException: Zero date value prohibited
	at com.zjy.mmy.controller.OrderControllerTest.updateTest(OrderControllerTest.java:79)
Caused by: com.mysql.cj.exceptions.DataReadException: Zero date value prohibited
	at com.zjy.mmy.controller.OrderControllerTest.updateTest(OrderControllerTest.java:79)
</error>
    <system-out><![CDATA[2019-07-10 21:35:22,952 [org.springframework.test.context.transaction.TransactionContext.startTransaction(TransactionContext.java:107)]-[INFO] Began transaction (1) for test context [DefaultTestContext@57fae983 testClass = OrderControllerTest, testInstance = com.zjy.mmy.controller.OrderControllerTest@5e4fa1da, testMethod = updateTest@OrderControllerTest, testException = [null], mergedContextConfiguration = [WebMergedContextConfiguration@4bee18dc testClass = OrderControllerTest, locations = '{classpath*:spring/*.xml}', classes = '{}', contextInitializerClasses = '[]', activeProfiles = '{}', propertySourceLocations = '{}', propertySourceProperties = '{}', contextCustomizers = set[[empty]], resourceBasePath = 'src/main/webapp', contextLoader = 'org.springframework.test.context.web.WebDelegatingSmartContextLoader', parent = [null]], attributes = map['org.springframework.test.context.web.ServletTestExecutionListener.populatedRequestContextHolder' -> true, 'org.springframework.test.context.web.ServletTestExecutionListener.resetRequestContextHolder' -> true]]; transaction manager [org.springframework.jdbc.datasource.DataSourceTransactionManager@3f3ddbd9]; rollback [true]
2019-07-10 21:35:22,953 [org.springframework.mock.web.MockServletContext.log(MockServletContext.java:444)]-[INFO] Initializing Spring TestDispatcherServlet ''
2019-07-10 21:35:22,953 [org.springframework.web.servlet.FrameworkServlet.initServletBean(FrameworkServlet.java:524)]-[INFO] Initializing Servlet ''
2019-07-10 21:35:22,957 [org.springframework.web.servlet.FrameworkServlet.initServletBean(FrameworkServlet.java:546)]-[INFO] Completed initialization in 4 ms
Creating a new SqlSession
Registering transaction synchronization for SqlSession [org.apache.ibatis.session.defaults.DefaultSqlSession@31da6b2e]
JDBC Connection [com.alibaba.druid.proxy.jdbc.ConnectionProxyImpl@3e134896] will be managed by Spring
==>  Preparing: select * from `order` where order_id=? 
==> Parameters: 5(Integer)
<==    Columns: order_id, user_id, good_id, order_state, created_date, trade, addr, finished_date
<==        Row: 5, 13, 197, CANCELED_BY_C, 2019-06-03 07:49:03, 自提,上门, 凉西省通达市翰棍揪路3240号绍阁小区17单元1913室, 0000-00-00 00:00:00
Releasing transactional SqlSession [org.apache.ibatis.session.defaults.DefaultSqlSession@31da6b2e]
Transaction synchronization deregistering SqlSession [org.apache.ibatis.session.defaults.DefaultSqlSession@31da6b2e]
Transaction synchronization closing SqlSession [org.apache.ibatis.session.defaults.DefaultSqlSession@31da6b2e]
2019-07-10 21:35:23,046 [org.springframework.test.context.transaction.TransactionContext.endTransaction(TransactionContext.java:139)]-[INFO] Rolled back transaction for test: [DefaultTestContext@57fae983 testClass = OrderControllerTest, testInstance = com.zjy.mmy.controller.OrderControllerTest@5e4fa1da, testMethod = updateTest@OrderControllerTest, testException = org.springframework.web.util.NestedServletException: Request processing failed; nested exception is org.springframework.dao.TransientDataAccessResourceException: Error attempting to get column 'finished_date' from result set.  Cause: java.sql.SQLException: Zero date value prohibited
; Zero date value prohibited; nested exception is java.sql.SQLException: Zero date value prohibited, mergedContextConfiguration = [WebMergedContextConfiguration@4bee18dc testClass = OrderControllerTest, locations = '{classpath*:spring/*.xml}', classes = '{}', contextInitializerClasses = '[]', activeProfiles = '{}', propertySourceLocations = '{}', propertySourceProperties = '{}', contextCustomizers = set[[empty]], resourceBasePath = 'src/main/webapp', contextLoader = 'org.springframework.test.context.web.WebDelegatingSmartContextLoader', parent = [null]], attributes = map['org.springframework.test.context.web.ServletTestExecutionListener.populatedRequestContextHolder' -> true, 'org.springframework.test.context.web.ServletTestExecutionListener.resetRequestContextHolder' -> true]]
]]></system-out>
  </testcase>
  <testcase name="getByUserTest" classname="com.zjy.mmy.controller.OrderControllerTest" time="0.04">
    <error message="Request processing failed; nested exception is org.springframework.dao.TransientDataAccessResourceException: Error attempting to get column &apos;finished_date&apos; from result set.  Cause: java.sql.SQLException: Zero date value prohibited&#10;; Zero date value prohibited; nested exception is java.sql.SQLException: Zero date value prohibited" type="org.springframework.web.util.NestedServletException">org.springframework.web.util.NestedServletException: 
Request processing failed; nested exception is org.springframework.dao.TransientDataAccessResourceException: Error attempting to get column 'finished_date' from result set.  Cause: java.sql.SQLException: Zero date value prohibited
; Zero date value prohibited; nested exception is java.sql.SQLException: Zero date value prohibited
	at com.zjy.mmy.controller.OrderControllerTest.getByUserTest(OrderControllerTest.java:111)
Caused by: org.springframework.dao.TransientDataAccessResourceException: 
Error attempting to get column 'finished_date' from result set.  Cause: java.sql.SQLException: Zero date value prohibited
; Zero date value prohibited; nested exception is java.sql.SQLException: Zero date value prohibited
	at com.zjy.mmy.controller.OrderControllerTest.getByUserTest(OrderControllerTest.java:111)
Caused by: java.sql.SQLException: Zero date value prohibited
	at com.zjy.mmy.controller.OrderControllerTest.getByUserTest(OrderControllerTest.java:111)
Caused by: com.mysql.cj.exceptions.DataReadException: Zero date value prohibited
	at com.zjy.mmy.controller.OrderControllerTest.getByUserTest(OrderControllerTest.java:111)
</error>
    <system-out><![CDATA[2019-07-10 21:35:23,049 [org.springframework.mock.web.MockServletContext.log(MockServletContext.java:444)]-[INFO] Initializing Spring TestDispatcherServlet ''
2019-07-10 21:35:23,049 [org.springframework.web.servlet.FrameworkServlet.initServletBean(FrameworkServlet.java:524)]-[INFO] Initializing Servlet ''
2019-07-10 21:35:23,053 [org.springframework.web.servlet.FrameworkServlet.initServletBean(FrameworkServlet.java:546)]-[INFO] Completed initialization in 3 ms
Creating a new SqlSession
SqlSession [org.apache.ibatis.session.defaults.DefaultSqlSession@2d746ce4] was not registered for synchronization because synchronization is not active
JDBC Connection [com.alibaba.druid.proxy.jdbc.ConnectionProxyImpl@3e134896] will not be managed by Spring
==>  Preparing: select * from `order` WHERE user_id=? order by created_date 
==> Parameters: 16(Integer)
<==    Columns: order_id, user_id, good_id, order_state, created_date, trade, addr, finished_date
<==        Row: 16, 16, 112, COMPLETED, 2019-01-11 01:17:17, 自提,上门,面交, 晋邦省东安市赦醚路5084号楷帝小区18单元2208室, 0000-00-00 00:00:00
Closing non transactional SqlSession [org.apache.ibatis.session.defaults.DefaultSqlSession@2d746ce4]
]]></system-out>
  </testcase>
</testsuite>